uniden/build/intermediates/manifest_merge_blame_file/debug/processDebugMainManifest/manifest-merger-blame-debug-report.txt
1<?xml version="1.0" encoding="utf-8"?>
2<manifest xmlns:android="http://schemas.android.com/apk/res/android"
3    package="cn.anc.dashcam.uniden"
4    android:versionCode="1"
5    android:versionName="1.0" >
6
7    <uses-sdk
7-->INJECTED
8        android:minSdkVersion="24"
8-->INJECTED
9        android:targetSdkVersion="36" />
9-->INJECTED
10
11    <permission
11-->[androidx.core:core:1.18.0] AndroidManifest.xml:22:5-24:47
12        android:name="cn.anc.dashcam.uniden.DYNAMIC_RECEIVER_NOT_EXPORTED_PERMISSION"
12-->[androidx.core:core:1.18.0] AndroidManifest.xml:23:9-81
13        android:protectionLevel="signature" />
13-->[androidx.core:core:1.18.0] AndroidManifest.xml:24:9-44
14
15    <uses-permission android:name="cn.anc.dashcam.uniden.DYNAMIC_RECEIVER_NOT_EXPORTED_PERMISSION" />
15-->[androidx.core:core:1.18.0] AndroidManifest.xml:26:5-97
15-->[androidx.core:core:1.18.0] AndroidManifest.xml:26:22-94
16
17    <application
17-->src\main\AndroidManifest.xml:4:5-13:54
18        android:name="cn.anc.dashcam.uniden.UnidenApp"
18-->src\main\AndroidManifest.xml:5:9-34
19        android:allowBackup="true"
19-->src\main\AndroidManifest.xml:6:9-35
20        android:appComponentFactory="androidx.core.app.CoreComponentFactory"
20-->[androidx.core:core:1.18.0] AndroidManifest.xml:28:18-86
21        android:dataExtractionRules="@xml/data_extraction_rules"
21-->src\main\AndroidManifest.xml:7:9-65
22        android:debuggable="true"
23        android:extractNativeLibs="false"
23-->INJECTED
24        android:fullBackupContent="@xml/backup_rules"
24-->src\main\AndroidManifest.xml:8:9-54
25        android:icon="@drawable/ic_launcher_uniden"
25-->src\main\AndroidManifest.xml:9:9-52
26        android:label="@string/app_name"
26-->src\main\AndroidManifest.xml:10:9-41
27        android:roundIcon="@drawable/ic_launcher_uniden_round"
27-->src\main\AndroidManifest.xml:11:9-63
28        android:supportsRtl="true"
28-->src\main\AndroidManifest.xml:12:9-35
29        android:testOnly="true"
30        android:theme="@style/Theme.Dashcam.Brand" >
30-->src\main\AndroidManifest.xml:13:9-51
31        <activity
31-->[:feature:home] AndroidManifest.xml:8:9-10:40
32            android:name="cn.anc.dashcam.home.HomeActivity"
32-->[:feature:home] AndroidManifest.xml:9:13-60
33            android:exported="false" />
33-->[:feature:home] AndroidManifest.xml:10:13-37
34
35        <activity-alias
35-->[:feature:home] AndroidManifest.xml:12:9-23:26
36            android:name="cn.anc.dashcam.home.HomeStandaloneLauncher"
36-->[:feature:home] AndroidManifest.xml:13:13-70
37            android:enabled="false"
37-->[:feature:home] AndroidManifest.xml:14:13-36
38            android:exported="true"
38-->[:feature:home] AndroidManifest.xml:15:13-36
39            android:label="Home"
39-->[:feature:home] AndroidManifest.xml:16:13-33
40            android:targetActivity="cn.anc.dashcam.home.HomeActivity" >
40-->[:feature:home] AndroidManifest.xml:17:13-70
41            <intent-filter>
41-->[:feature:home] AndroidManifest.xml:18:13-22:29
42                <action android:name="android.intent.action.MAIN" />
42-->[:feature:home] AndroidManifest.xml:19:17-69
42-->[:feature:home] AndroidManifest.xml:19:25-66
43
44                <category android:name="android.intent.category.LAUNCHER" />
44-->[:feature:home] AndroidManifest.xml:21:17-77
44-->[:feature:home] AndroidManifest.xml:21:27-74
45            </intent-filter>
46        </activity-alias>
47
48        <meta-data
48-->[:feature:home] AndroidManifest.xml:25:9-27:64
49            android:name="cn.anc.dashcam.route.home"
49-->[:feature:home] AndroidManifest.xml:26:13-53
50            android:value="cn.anc.dashcam.home.HomeActivity" />
50-->[:feature:home] AndroidManifest.xml:27:13-61
51
52        <activity
52-->[:feature:settings] AndroidManifest.xml:8:9-10:40
53            android:name="cn.anc.dashcam.settings.SettingsActivity"
53-->[:feature:settings] AndroidManifest.xml:9:13-68
54            android:exported="false" />
54-->[:feature:settings] AndroidManifest.xml:10:13-37
55
56        <activity-alias
56-->[:feature:settings] AndroidManifest.xml:12:9-23:26
57            android:name="cn.anc.dashcam.settings.SettingsStandaloneLauncher"
57-->[:feature:settings] AndroidManifest.xml:13:13-78
58            android:enabled="false"
58-->[:feature:settings] AndroidManifest.xml:14:13-36
59            android:exported="true"
59-->[:feature:settings] AndroidManifest.xml:15:13-36
60            android:label="@string/settings_title"
60-->[:feature:settings] AndroidManifest.xml:16:13-51
61            android:targetActivity="cn.anc.dashcam.settings.SettingsActivity" >
61-->[:feature:settings] AndroidManifest.xml:17:13-78
62            <intent-filter>
62-->[:feature:home] AndroidManifest.xml:18:13-22:29
63                <action android:name="android.intent.action.MAIN" />
63-->[:feature:home] AndroidManifest.xml:19:17-69
63-->[:feature:home] AndroidManifest.xml:19:25-66
64
65                <category android:name="android.intent.category.LAUNCHER" />
65-->[:feature:home] AndroidManifest.xml:21:17-77
65-->[:feature:home] AndroidManifest.xml:21:27-74
66            </intent-filter>
67        </activity-alias>
68
69        <activity
69-->[:feature:settings] AndroidManifest.xml:25:9-27:40
70            android:name="cn.anc.dashcam.settings.LanguageSettingsActivity"
70-->[:feature:settings] AndroidManifest.xml:26:13-76
71            android:exported="false" />
71-->[:feature:settings] AndroidManifest.xml:27:13-37
72        <activity
72-->[:feature:settings] AndroidManifest.xml:28:9-30:40
73            android:name="cn.anc.dashcam.settings.ThemeSettingsActivity"
73-->[:feature:settings] AndroidManifest.xml:29:13-73
74            android:exported="false" />
74-->[:feature:settings] AndroidManifest.xml:30:13-37
75        <activity
75-->[:feature:settings] AndroidManifest.xml:31:9-33:40
76            android:name="cn.anc.dashcam.settings.ThemeColorSettingsActivity"
76-->[:feature:settings] AndroidManifest.xml:32:13-78
77            android:exported="false" />
77-->[:feature:settings] AndroidManifest.xml:33:13-37
78        <activity
78-->[:feature:settings] AndroidManifest.xml:34:9-36:40
79            android:name="cn.anc.dashcam.settings.StatusBarSettingsActivity"
79-->[:feature:settings] AndroidManifest.xml:35:13-77
80            android:exported="false" />
80-->[:feature:settings] AndroidManifest.xml:36:13-37
81
82        <meta-data
82-->[:feature:settings] AndroidManifest.xml:38:9-40:72
83            android:name="cn.anc.dashcam.route.settings"
83-->[:feature:settings] AndroidManifest.xml:39:13-57
84            android:value="cn.anc.dashcam.settings.SettingsActivity" />
84-->[:feature:settings] AndroidManifest.xml:40:13-69
85
86        <activity
86-->[:feature:feedback] AndroidManifest.xml:8:9-10:40
87            android:name="cn.anc.dashcam.feedback.FeedbackActivity"
87-->[:feature:feedback] AndroidManifest.xml:9:13-68
88            android:exported="false" />
88-->[:feature:feedback] AndroidManifest.xml:10:13-37
89
90        <activity-alias
90-->[:feature:feedback] AndroidManifest.xml:12:9-23:26
91            android:name="cn.anc.dashcam.feedback.FeedbackStandaloneLauncher"
91-->[:feature:feedback] AndroidManifest.xml:13:13-78
92            android:enabled="false"
92-->[:feature:feedback] AndroidManifest.xml:14:13-36
93            android:exported="true"
93-->[:feature:feedback] AndroidManifest.xml:15:13-36
94            android:label="Feedback"
94-->[:feature:feedback] AndroidManifest.xml:16:13-37
95            android:targetActivity="cn.anc.dashcam.feedback.FeedbackActivity" >
95-->[:feature:feedback] AndroidManifest.xml:17:13-78
96            <intent-filter>
96-->[:feature:home] AndroidManifest.xml:18:13-22:29
97                <action android:name="android.intent.action.MAIN" />
97-->[:feature:home] AndroidManifest.xml:19:17-69
97-->[:feature:home] AndroidManifest.xml:19:25-66
98
99                <category android:name="android.intent.category.LAUNCHER" />
99-->[:feature:home] AndroidManifest.xml:21:17-77
99-->[:feature:home] AndroidManifest.xml:21:27-74
100            </intent-filter>
101        </activity-alias>
102
103        <meta-data
103-->[:feature:feedback] AndroidManifest.xml:25:9-27:72
104            android:name="cn.anc.dashcam.route.feedback"
104-->[:feature:feedback] AndroidManifest.xml:26:13-57
105            android:value="cn.anc.dashcam.feedback.FeedbackActivity" />
105-->[:feature:feedback] AndroidManifest.xml:27:13-69
106
107        <activity
107-->[:feature:splash] AndroidManifest.xml:8:9-17:20
108            android:name="cn.anc.dashcam.splash.SplashActivity"
108-->[:feature:splash] AndroidManifest.xml:9:13-64
109            android:exported="true"
109-->[:feature:splash] AndroidManifest.xml:10:13-36
110            android:theme="@style/Theme.Dashcam.Splash" >
110-->[:feature:splash] AndroidManifest.xml:11:13-56
111            <intent-filter>
111-->[:feature:home] AndroidManifest.xml:18:13-22:29
112                <action android:name="android.intent.action.MAIN" />
112-->[:feature:home] AndroidManifest.xml:19:17-69
112-->[:feature:home] AndroidManifest.xml:19:25-66
113
114                <category android:name="android.intent.category.LAUNCHER" />
114-->[:feature:home] AndroidManifest.xml:21:17-77
114-->[:feature:home] AndroidManifest.xml:21:27-74
115            </intent-filter>
116        </activity>
117        <activity
117-->[androidx.compose.ui:ui-tooling-android:1.10.4] AndroidManifest.xml:23:9-25:39
118            android:name="androidx.compose.ui.tooling.PreviewActivity"
118-->[androidx.compose.ui:ui-tooling-android:1.10.4] AndroidManifest.xml:24:13-71
119            android:exported="true" />
119-->[androidx.compose.ui:ui-tooling-android:1.10.4] AndroidManifest.xml:25:13-36
120        <activity
120-->[androidx.compose.ui:ui-test-manifest:1.10.4] AndroidManifest.xml:23:9-26:79
121            android:name="androidx.activity.ComponentActivity"
121-->[androidx.compose.ui:ui-test-manifest:1.10.4] AndroidManifest.xml:24:13-63
122            android:exported="true"
122-->[androidx.compose.ui:ui-test-manifest:1.10.4] AndroidManifest.xml:25:13-36
123            android:theme="@android:style/Theme.Material.Light.NoActionBar" />
123-->[androidx.compose.ui:ui-test-manifest:1.10.4] AndroidManifest.xml:26:13-76
124
125        <uses-library
125-->[androidx.window:window:1.5.0] AndroidManifest.xml:23:9-25:40
126            android:name="androidx.window.extensions"
126-->[androidx.window:window:1.5.0] AndroidManifest.xml:24:13-54
127            android:required="false" />
127-->[androidx.window:window:1.5.0] AndroidManifest.xml:25:13-37
128        <uses-library
128-->[androidx.window:window:1.5.0] AndroidManifest.xml:26:9-28:40
129            android:name="androidx.window.sidecar"
129-->[androidx.window:window:1.5.0] AndroidManifest.xml:27:13-51
130            android:required="false" />
130-->[androidx.window:window:1.5.0] AndroidManifest.xml:28:13-37
131
132        <provider
132-->[androidx.emoji2:emoji2:1.4.0] AndroidManifest.xml:24:9-32:20
133            android:name="androidx.startup.InitializationProvider"
133-->[androidx.emoji2:emoji2:1.4.0] AndroidManifest.xml:25:13-67
134            android:authorities="cn.anc.dashcam.uniden.androidx-startup"
134-->[androidx.emoji2:emoji2:1.4.0] AndroidManifest.xml:26:13-68
135            android:exported="false" >
135-->[androidx.emoji2:emoji2:1.4.0] AndroidManifest.xml:27:13-37
136            <meta-data
136-->[androidx.emoji2:emoji2:1.4.0] AndroidManifest.xml:29:13-31:52
137                android:name="androidx.emoji2.text.EmojiCompatInitializer"
137-->[androidx.emoji2:emoji2:1.4.0] AndroidManifest.xml:30:17-75
138                android:value="androidx.startup" />
138-->[androidx.emoji2:emoji2:1.4.0] AndroidManifest.xml:31:17-49
139            <meta-data
139-->[androidx.lifecycle:lifecycle-process:2.9.4] AndroidManifest.xml:29:13-31:52
140                android:name="androidx.lifecycle.ProcessLifecycleInitializer"
140-->[androidx.lifecycle:lifecycle-process:2.9.4] AndroidManifest.xml:30:17-78
141                android:value="androidx.startup" />
141-->[androidx.lifecycle:lifecycle-process:2.9.4] AndroidManifest.xml:31:17-49
142            <meta-data
142-->[androidx.profileinstaller:profileinstaller:1.4.0] AndroidManifest.xml:29:13-31:52
143                android:name="androidx.profileinstaller.ProfileInstallerInitializer"
143-->[androidx.profileinstaller:profileinstaller:1.4.0] AndroidManifest.xml:30:17-85
144                android:value="androidx.startup" />
144-->[androidx.profileinstaller:profileinstaller:1.4.0] AndroidManifest.xml:31:17-49
145        </provider>
146
147        <receiver
147-->[androidx.profileinstaller:profileinstaller:1.4.0] AndroidManifest.xml:34:9-52:20
148            android:name="androidx.profileinstaller.ProfileInstallReceiver"
148-->[androidx.profileinstaller:profileinstaller:1.4.0] AndroidManifest.xml:35:13-76
149            android:directBootAware="false"
149-->[androidx.profileinstaller:profileinstaller:1.4.0] AndroidManifest.xml:36:13-44
150            android:enabled="true"
150-->[androidx.profileinstaller:profileinstaller:1.4.0] AndroidManifest.xml:37:13-35
151            android:exported="true"
151-->[androidx.profileinstaller:profileinstaller:1.4.0] AndroidManifest.xml:38:13-36
152            android:permission="android.permission.DUMP" >
152-->[androidx.profileinstaller:profileinstaller:1.4.0] AndroidManifest.xml:39:13-57
153            <intent-filter>
153-->[androidx.profileinstaller:profileinstaller:1.4.0] AndroidManifest.xml:40:13-42:29
154                <action android:name="androidx.profileinstaller.action.INSTALL_PROFILE" />
154-->[androidx.profileinstaller:profileinstaller:1.4.0] AndroidManifest.xml:41:17-91
154-->[androidx.profileinstaller:profileinstaller:1.4.0] AndroidManifest.xml:41:25-88
155            </intent-filter>
156            <intent-filter>
156-->[androidx.profileinstaller:profileinstaller:1.4.0] AndroidManifest.xml:43:13-45:29
157                <action android:name="androidx.profileinstaller.action.SKIP_FILE" />
157-->[androidx.profileinstaller:profileinstaller:1.4.0] AndroidManifest.xml:44:17-85
157-->[androidx.profileinstaller:profileinstaller:1.4.0] AndroidManifest.xml:44:25-82
158            </intent-filter>
159            <intent-filter>
159-->[androidx.profileinstaller:profileinstaller:1.4.0] AndroidManifest.xml:46:13-48:29
160                <action android:name="androidx.profileinstaller.action.SAVE_PROFILE" />
160-->[androidx.profileinstaller:profileinstaller:1.4.0] AndroidManifest.xml:47:17-88
160-->[androidx.profileinstaller:profileinstaller:1.4.0] AndroidManifest.xml:47:25-85
161            </intent-filter>
162            <intent-filter>
162-->[androidx.profileinstaller:profileinstaller:1.4.0] AndroidManifest.xml:49:13-51:29
163                <action android:name="androidx.profileinstaller.action.BENCHMARK_OPERATION" />
163-->[androidx.profileinstaller:profileinstaller:1.4.0] AndroidManifest.xml:50:17-95
163-->[androidx.profileinstaller:profileinstaller:1.4.0] AndroidManifest.xml:50:25-92
164            </intent-filter>
165        </receiver>
166    </application>
167
168</manifest>